# JRE version: Java(TM) SE Runtime Environment (8.0_111-b14) (build 1.8.0_111-b14)
# Java VM: Java HotSpot(TM) 64-Bit Server VM (25.111-b14 mixed mode windows-amd64 compressed oops)
Heap:
 PSYoungGen      total 365568K, used 163784K [0x00000000e0980000, 0x00000000f9000000, 0x0000000100000000)
  eden space 343040K, 41% used [0x00000000e0980000,0x00000000e9515300,0x00000000f5880000)
  from space 22528K, 92% used [0x00000000f7080000,0x00000000f84dcff0,0x00000000f8680000)
  to   space 24576K, 0% used [0x00000000f5880000,0x00000000f5880000,0x00000000f7080000)
 ParOldGen       total 97280K, used 24184K [0x00000000a1c00000, 0x00000000a7b00000, 0x00000000e0980000)
  object space 97280K, 24% used [0x00000000a1c00000,0x00000000a339e010,0x00000000a7b00000)
 Metaspace       used 65729K, capacity 70490K, committed 70784K, reserved 1110016K
  class space    used 8907K, capacity 9800K, committed 9856K, reserved 1048576K
GC Heap History (10 events):
Event: 7514.751 GC heap before
{Heap before GC invocations=28 (full 5):
 PSYoungGen      total 293888K, used 139935K [0x00000000e0980000, 0x00000000f7200000, 0x0000000100000000)
  eden space 281088K, 45% used [0x00000000e0980000,0x00000000e85f1b40,0x00000000f1c00000)
  from space 12800K, 97% used [0x00000000f6580000,0x00000000f71b6230,0x00000000f7200000)
  to   space 22016K, 0% used [0x00000000f4700000,0x00000000f4700000,0x00000000f5c80000)
 ParOldGen       total 97280K, used 24331K [0x00000000a1c00000, 0x00000000a7b00000, 0x00000000e0980000)
  object space 97280K, 25% used [0x00000000a1c00000,0x00000000a33c2c38,0x00000000a7b00000)
 Metaspace       used 62701K, capacity 67016K, committed 67200K, reserved 1107968K
  class space    used 8603K, capacity 9340K, committed 9344K, reserved 1048576K
Event: 7514.895 GC heap after
Heap after GC invocations=28 (full 5):
 PSYoungGen      total 292864K, used 11563K [0x00000000e0980000, 0x00000000f6600000, 0x0000000100000000)
  eden space 281088K, 0% used [0x00000000e0980000,0x00000000e0980000,0x00000000f1c00000)
  from space 11776K, 98% used [0x00000000f4700000,0x00000000f524ad10,0x00000000f5280000)
  to   space 19968K, 0% used [0x00000000f5280000,0x00000000f5280000,0x00000000f6600000)
 ParOldGen       total 97280K, used 24339K [0x00000000a1c00000, 0x00000000a7b00000, 0x00000000e0980000)
  object space 97280K, 25% used [0x00000000a1c00000,0x00000000a33c4c38,0x00000000a7b00000)
 Metaspace       used 62701K, capacity 67016K, committed 67200K, reserved 1107968K
  class space    used 8603K, capacity 9340K, committed 9344K, reserved 1048576K
}
Event: 7514.895 GC heap before
{Heap before GC invocations=29 (full 6):
 PSYoungGen      total 292864K, used 11563K [0x00000000e0980000, 0x00000000f6600000, 0x0000000100000000)
  eden space 281088K, 0% used [0x00000000e0980000,0x00000000e0980000,0x00000000f1c00000)
  from space 11776K, 98% used [0x00000000f4700000,0x00000000f524ad10,0x00000000f5280000)
  to   space 19968K, 0% used [0x00000000f5280000,0x00000000f5280000,0x00000000f6600000)
 ParOldGen       total 97280K, used 24339K [0x00000000a1c00000, 0x00000000a7b00000, 0x00000000e0980000)
  object space 97280K, 25% used [0x00000000a1c00000,0x00000000a33c4c38,0x00000000a7b00000)
 Metaspace       used 62701K, capacity 67016K, committed 67200K, reserved 1107968K
  class space    used 8603K, capacity 9340K, committed 9344K, reserved 1048576K
Event: 7515.346 GC heap after
Heap after GC invocations=29 (full 6):
 PSYoungGen      total 292864K, used 0K [0x00000000e0980000, 0x00000000f6600000, 0x0000000100000000)
  eden space 281088K, 0% used [0x00000000e0980000,0x00000000e0980000,0x00000000f1c00000)
  from space 11776K, 0% used [0x00000000f4700000,0x00000000f4700000,0x00000000f5280000)
  to   space 19968K, 0% used [0x00000000f5280000,0x00000000f5280000,0x00000000f6600000)
 ParOldGen       total 97280K, used 24160K [0x00000000a1c00000, 0x00000000a7b00000, 0x00000000e0980000)
  object space 97280K, 24% used [0x00000000a1c00000,0x00000000a3398010,0x00000000a7b00000)
 Metaspace       used 62560K, capacity 66776K, committed 67200K, reserved 1107968K
  class space    used 8581K, capacity 9299K, committed 9344K, reserved 1048576K
}
Event: 7533.118 GC heap before
{Heap before GC invocations=30 (full 6):
 PSYoungGen      total 292864K, used 281066K [0x00000000e0980000, 0x00000000f6600000, 0x0000000100000000)
  eden space 281088K, 99% used [0x00000000e0980000,0x00000000f1bfabd8,0x00000000f1c00000)
  from space 11776K, 0% used [0x00000000f4700000,0x00000000f4700000,0x00000000f5280000)
  to   space 19968K, 0% used [0x00000000f5280000,0x00000000f5280000,0x00000000f6600000)
 ParOldGen       total 97280K, used 24160K [0x00000000a1c00000, 0x00000000a7b00000, 0x00000000e0980000)
  object space 97280K, 24% used [0x00000000a1c00000,0x00000000a3398010,0x00000000a7b00000)
 Metaspace       used 63547K, capacity 67966K, committed 68224K, reserved 1107968K
  class space    used 8694K, capacity 9477K, committed 9600K, reserved 1048576K
Event: 7533.238 GC heap after
Heap after GC invocations=30 (full 6):
 PSYoungGen      total 311296K, used 12910K [0x00000000e0980000, 0x00000000f5f80000, 0x0000000100000000)
  eden space 297984K, 0% used [0x00000000e0980000,0x00000000e0980000,0x00000000f2c80000)
  from space 13312K, 96% used [0x00000000f5280000,0x00000000f5f1b808,0x00000000f5f80000)
  to   space 20480K, 0% used [0x00000000f3780000,0x00000000f3780000,0x00000000f4b80000)
 ParOldGen       total 97280K, used 24168K [0x00000000a1c00000, 0x00000000a7b00000, 0x00000000e0980000)
  object space 97280K, 24% used [0x00000000a1c00000,0x00000000a339a010,0x00000000a7b00000)
 Metaspace       used 63547K, capacity 67966K, committed 68224K, reserved 1107968K
  class space    used 8694K, capacity 9477K, committed 9600K, reserved 1048576K
}
Event: 7574.352 GC heap before
{Heap before GC invocations=31 (full 6):
 PSYoungGen      total 311296K, used 310880K [0x00000000e0980000, 0x00000000f5f80000, 0x0000000100000000)
  eden space 297984K, 99% used [0x00000000e0980000,0x00000000f2c7c9e0,0x00000000f2c80000)
  from space 13312K, 96% used [0x00000000f5280000,0x00000000f5f1b808,0x00000000f5f80000)
  to   space 20480K, 0% used [0x00000000f3780000,0x00000000f3780000,0x00000000f4b80000)
 ParOldGen       total 97280K, used 24168K [0x00000000a1c00000, 0x00000000a7b00000, 0x00000000e0980000)
  object space 97280K, 24% used [0x00000000a1c00000,0x00000000a339a010,0x00000000a7b00000)
 Metaspace       used 64720K, capacity 69286K, committed 69632K, reserved 1110016K
  class space    used 8797K, capacity 9632K, committed 9728K, reserved 1048576K
Event: 7575.921 GC heap after
Heap after GC invocations=31 (full 6):
 PSYoungGen      total 329728K, used 19405K [0x00000000e0980000, 0x00000000f8680000, 0x0000000100000000)
  eden space 309248K, 0% used [0x00000000e0980000,0x00000000e0980000,0x00000000f3780000)
  from space 20480K, 94% used [0x00000000f3780000,0x00000000f4a737a0,0x00000000f4b80000)
  to   space 22528K, 0% used [0x00000000f7080000,0x00000000f7080000,0x00000000f8680000)
 ParOldGen       total 97280K, used 24176K [0x00000000a1c00000, 0x00000000a7b00000, 0x00000000e0980000)
  object space 97280K, 24% used [0x00000000a1c00000,0x00000000a339c010,0x00000000a7b00000)
 Metaspace       used 64720K, capacity 69286K, committed 69632K, reserved 1110016K
  class space    used 8797K, capacity 9632K, committed 9728K, reserved 1048576K
}
Event: 7650.135 GC heap before
{Heap before GC invocations=32 (full 6):
 PSYoungGen      total 329728K, used 328653K [0x00000000e0980000, 0x00000000f8680000, 0x0000000100000000)
  eden space 309248K, 100% used [0x00000000e0980000,0x00000000f3780000,0x00000000f3780000)
  from space 20480K, 94% used [0x00000000f3780000,0x00000000f4a737a0,0x00000000f4b80000)
  to   space 22528K, 0% used [0x00000000f7080000,0x00000000f7080000,0x00000000f8680000)
 ParOldGen       total 97280K, used 24176K [0x00000000a1c00000, 0x00000000a7b00000, 0x00000000e0980000)
  object space 97280K, 24% used [0x00000000a1c00000,0x00000000a339c010,0x00000000a7b00000)
 Metaspace       used 65551K, capacity 70242K, committed 70528K, reserved 1110016K
  class space    used 8885K, capacity 9760K, committed 9856K, reserved 1048576K
Event: 7650.173 GC heap after
Heap after GC invocations=32 (full 6):
 PSYoungGen      total 365568K, used 20851K [0x00000000e0980000, 0x00000000f9000000, 0x0000000100000000)
  eden space 343040K, 0% used [0x00000000e0980000,0x00000000e0980000,0x00000000f5880000)
  from space 22528K, 92% used [0x00000000f7080000,0x00000000f84dcff0,0x00000000f8680000)
  to   space 24576K, 0% used [0x00000000f5880000,0x00000000f5880000,0x00000000f7080000)
 ParOldGen       total 97280K, used 24184K [0x00000000a1c00000, 0x00000000a7b00000, 0x00000000e0980000)
  object space 97280K, 24% used [0x00000000a1c00000,0x00000000a339e010,0x00000000a7b00000)
 Metaspace       used 65551K, capacity 70242K, committed 70528K, reserved 1110016K
  class space    used 8885K, capacity 9760K, committed 9856K, reserved 1048576K
}

